0 info it worked if it ends with ok
1 verbose cli [ '/root/.nvm/v0.10.48/bin/node',
1 verbose cli   '/root/.nvm/v0.10.48/bin/npm',
1 verbose cli   'stop' ]
2 info using npm@2.15.1
3 info using node@v0.10.48
4 verbose run-script [ 'prestop', 'stop', 'poststop' ]
5 info prestop explorer@1.6.1
6 info stop explorer@1.6.1
7 verbose unsafe-perm in lifecycle true
8 info explorer@1.6.1 Failed to exec stop script
9 verbose stack Error: explorer@1.6.1 stop: `kill -2 $(cat tmp/cluster.pid)`
9 verbose stack Exit status 1
9 verbose stack     at EventEmitter.<anonymous> (/root/.nvm/v0.10.48/lib/node_modules/npm/lib/utils/lifecycle.js:217:16)
9 verbose stack     at EventEmitter.emit (events.js:98:17)
9 verbose stack     at ChildProcess.<anonymous> (/root/.nvm/v0.10.48/lib/node_modules/npm/lib/utils/spawn.js:24:14)
9 verbose stack     at ChildProcess.emit (events.js:98:17)
9 verbose stack     at maybeClose (child_process.js:766:16)
9 verbose stack     at Process.ChildProcess._handle.onexit (child_process.js:833:5)
10 verbose pkgid explorer@1.6.1
11 verbose cwd /root/coc_browser
12 error Linux 4.4.0-93-generic
13 error argv "/root/.nvm/v0.10.48/bin/node" "/root/.nvm/v0.10.48/bin/npm" "stop"
14 error node v0.10.48
15 error npm  v2.15.1
16 error code ELIFECYCLE
17 error explorer@1.6.1 stop: `kill -2 $(cat tmp/cluster.pid)`
17 error Exit status 1
18 error Failed at the explorer@1.6.1 stop script 'kill -2 $(cat tmp/cluster.pid)'.
18 error This is most likely a problem with the explorer package,
18 error not with npm itself.
18 error Tell the author that this fails on your system:
18 error     kill -2 $(cat tmp/cluster.pid)
18 error You can get information on how to open an issue for this project with:
18 error     npm bugs explorer
18 error Or if that isn't available, you can get their info via:
18 error
18 error     npm owner ls explorer
18 error There is likely additional logging output above.
19 verbose exit [ 1, true ]
